2016-06-14 19:12:15,225 __init__ MainController
2016-06-14 19:12:15,241 start() MainController
2016-06-14 19:12:16,954 Starting new HTTPS connection (1): api.telegram.org
2016-06-14 19:12:30,033 Starting new HTTPS connection (1): api.telegram.org
2016-06-14 19:13:39,861 Starting new HTTPS connection (1): api.telegram.org
2016-06-14 19:13:42,574 Starting new HTTPS connection (1): api.telegram.org
2016-06-14 19:26:59,265 Starting new HTTPS connection (1): api.telegram.org
2016-06-14 19:27:02,011 Starting new HTTPS connection (1): api.telegram.org
2016-06-14 19:27:13,554 Starting new HTTPS connection (1): api.telegram.org
2016-06-14 19:27:15,675 Starting new HTTPS connection (1): api.telegram.org
2016-06-14 19:27:49,718 Starting new HTTPS connection (1): api.telegram.org
2016-06-14 19:28:11,129 Starting new HTTPS connection (1): api.telegram.org
2016-06-14 19:28:18,189 Starting new HTTPS connection (1): api.telegram.org
2016-06-14 19:29:13,777 Starting new HTTPS connection (1): api.telegram.org
2016-06-14 19:29:14,493 Starting new HTTPS connection (1): api.telegram.org
2016-06-14 19:29:14,555 Starting new HTTPS connection (1): api.telegram.org
2016-06-14 19:29:14,578 Starting new HTTPS connection (1): api.telegram.org
2016-06-14 19:29:29,759 Starting new HTTPS connection (1): api.telegram.org
2016-06-14 19:29:29,790 Starting new HTTPS connection (1): api.telegram.org
2016-06-14 19:29:50,002 Starting new HTTPS connection (1): api.telegram.org
2016-06-14 19:30:11,244 Starting new HTTPS connection (1): api.telegram.org
2016-06-14 19:30:32,629 Starting new HTTPS connection (1): api.telegram.org
2016-06-14 19:30:53,363 Starting new HTTPS connection (1): api.telegram.org
2016-06-14 19:31:14,111 Starting new HTTPS connection (1): api.telegram.org
2016-06-14 19:31:35,132 Starting new HTTPS connection (1): api.telegram.org
2016-06-14 19:31:56,528 Starting new HTTPS connection (1): api.telegram.org
2016-06-14 19:32:16,906 Starting new HTTPS connection (1): api.telegram.org
2016-06-14 19:32:37,839 Starting new HTTPS connection (1): api.telegram.org
2016-06-14 19:32:58,782 Starting new HTTPS connection (1): api.telegram.org
2016-06-14 19:33:19,662 Starting new HTTPS connection (1): api.telegram.org
2016-06-14 19:33:39,874 Starting new HTTPS connection (1): api.telegram.org
2016-06-14 19:34:00,171 Starting new HTTPS connection (1): api.telegram.org
2016-06-14 19:34:20,848 Starting new HTTPS connection (1): api.telegram.org
2016-06-14 19:34:41,089 Starting new HTTPS connection (1): api.telegram.org
2016-06-14 19:35:01,957 Starting new HTTPS connection (1): api.telegram.org
2016-06-14 19:35:22,966 Starting new HTTPS connection (1): api.telegram.org
2016-06-14 19:35:43,511 Starting new HTTPS connection (1): api.telegram.org
2016-06-14 19:36:03,777 Starting new HTTPS connection (1): api.telegram.org
2016-06-14 19:36:23,993 Starting new HTTPS connection (1): api.telegram.org
2016-06-14 19:36:45,395 Starting new HTTPS connection (1): api.telegram.org
2016-06-14 19:37:05,867 Starting new HTTPS connection (1): api.telegram.org
2016-06-14 19:37:26,443 Starting new HTTPS connection (1): api.telegram.org
2016-06-14 19:37:46,707 Starting new HTTPS connection (1): api.telegram.org
2016-06-14 19:38:08,106 Starting new HTTPS connection (1): api.telegram.org
2016-06-14 19:38:28,951 Starting new HTTPS connection (1): api.telegram.org
2016-06-14 19:38:49,155 Starting new HTTPS connection (1): api.telegram.org
2016-06-14 19:39:10,555 Starting new HTTPS connection (1): api.telegram.org
2016-06-14 19:39:31,944 Starting new HTTPS connection (1): api.telegram.org
2016-06-14 19:39:53,342 Starting new HTTPS connection (1): api.telegram.org
2016-06-14 19:40:14,700 Starting new HTTPS connection (1): api.telegram.org
2016-06-14 19:40:36,078 Starting new HTTPS connection (1): api.telegram.org
2016-06-14 19:40:56,928 Starting new HTTPS connection (1): api.telegram.org
2016-06-14 19:41:17,665 Starting new HTTPS connection (1): api.telegram.org
2016-06-14 19:41:38,359 Starting new HTTPS connection (1): api.telegram.org
2016-06-14 19:41:58,862 Starting new HTTPS connection (1): api.telegram.org
2016-06-14 19:42:19,661 Starting new HTTPS connection (1): api.telegram.org
2016-06-14 19:42:41,046 Starting new HTTPS connection (1): api.telegram.org
2016-06-14 19:43:01,651 Starting new HTTPS connection (1): api.telegram.org
2016-06-14 19:43:22,665 Starting new HTTPS connection (1): api.telegram.org
2016-06-14 19:43:43,821 Starting new HTTPS connection (1): api.telegram.org
2016-06-14 19:44:04,746 Starting new HTTPS connection (1): api.telegram.org
2016-06-14 19:44:26,117 Starting new HTTPS connection (1): api.telegram.org
2016-06-14 19:44:46,829 Starting new HTTPS connection (1): api.telegram.org
2016-06-14 19:45:07,242 Starting new HTTPS connection (1): api.telegram.org
2016-06-14 19:45:27,932 Starting new HTTPS connection (1): api.telegram.org
2016-06-14 19:45:48,574 Starting new HTTPS connection (1): api.telegram.org
2016-06-14 19:46:08,805 Starting new HTTPS connection (1): api.telegram.org
2016-06-14 19:46:29,442 Starting new HTTPS connection (1): api.telegram.org
2016-06-14 19:46:50,154 Starting new HTTPS connection (1): api.telegram.org
2016-06-14 19:47:10,933 Starting new HTTPS connection (1): api.telegram.org
2016-06-14 19:47:32,350 Starting new HTTPS connection (1): api.telegram.org
2016-06-14 19:47:52,848 Starting new HTTPS connection (1): api.telegram.org
2016-06-14 19:48:13,423 Starting new HTTPS connection (1): api.telegram.org
2016-06-14 19:48:33,914 Starting new HTTPS connection (1): api.telegram.org
2016-06-14 19:48:58,114 Starting new HTTPS connection (1): api.telegram.org
2016-06-14 19:49:18,838 Starting new HTTPS connection (1): api.telegram.org
2016-06-14 19:49:39,352 Starting new HTTPS connection (1): api.telegram.org
2016-06-14 19:50:00,803 Starting new HTTPS connection (1): api.telegram.org
2016-06-14 19:50:21,619 Starting new HTTPS connection (1): api.telegram.org
2016-06-14 19:50:43,041 Starting new HTTPS connection (1): api.telegram.org
2016-06-14 19:51:03,756 Starting new HTTPS connection (1): api.telegram.org
2016-06-14 19:51:24,912 Starting new HTTPS connection (1): api.telegram.org
2016-06-14 19:51:46,323 Starting new HTTPS connection (1): api.telegram.org
2016-06-14 19:52:07,776 Starting new HTTPS connection (1): api.telegram.org
2016-06-14 19:52:29,270 Starting new HTTPS connection (1): api.telegram.org
2016-06-14 19:52:50,221 Starting new HTTPS connection (1): api.telegram.org
2016-06-14 19:53:11,017 Starting new HTTPS connection (1): api.telegram.org
2016-06-14 19:53:24,140 Starting new HTTPS connection (1): api.telegram.org
2016-06-14 19:53:45,224 Starting new HTTPS connection (1): api.telegram.org
2016-06-14 19:53:55,592 Starting new HTTPS connection (1): api.telegram.org
2016-06-14 19:54:15,725 Starting new HTTPS connection (1): api.telegram.org
2016-06-14 19:54:36,216 Starting new HTTPS connection (1): api.telegram.org
2016-06-14 19:54:42,739 Starting new HTTPS connection (1): api.telegram.org
2016-06-14 19:55:21,386 Starting new HTTPS connection (1): api.telegram.org
2016-06-14 19:55:37,913 Starting new HTTPS connection (1): api.telegram.org
2016-06-14 19:56:06,230 Starting new HTTPS connection (1): api.telegram.org
2016-06-14 19:56:07,535 Starting new HTTPS connection (1): api.telegram.org
2016-06-14 19:59:35,853 Starting new HTTPS connection (1): api.telegram.org
2016-06-14 19:59:58,292 Starting new HTTPS connection (1): api.telegram.org
2016-06-14 20:00:01,655 Starting new HTTPS connection (1): api.telegram.org
2016-06-14 20:00:17,996 Starting new HTTPS connection (1): api.telegram.org
2016-06-14 20:00:32,061 Starting new HTTPS connection (1): api.telegram.org
2016-06-14 20:00:52,537 Starting new HTTPS connection (1): api.telegram.org
2016-06-14 20:01:03,890 Starting new HTTPS connection (1): api.telegram.org
2016-06-14 20:01:21,067 Starting new HTTPS connection (1): api.telegram.org
2016-06-14 20:01:41,843 Starting new HTTPS connection (1): api.telegram.org
2016-06-14 20:01:44,565 Starting new HTTPS connection (1): api.telegram.org
2016-06-14 20:02:04,458 Starting new HTTPS connection (1): api.telegram.org
2016-06-14 20:02:25,693 Starting new HTTPS connection (1): api.telegram.org
2016-06-14 20:02:27,871 Starting new HTTPS connection (1): api.telegram.org
2016-06-14 20:02:48,307 Starting new HTTPS connection (1): api.telegram.org
2016-06-14 20:03:08,753 Starting new HTTPS connection (1): api.telegram.org
2016-06-14 20:03:14,902 Starting new HTTPS connection (1): api.telegram.org
2016-06-14 20:03:35,542 Starting new HTTPS connection (1): api.telegram.org
2016-06-14 20:03:56,483 Starting new HTTPS connection (1): api.telegram.org
2016-06-14 20:04:17,022 Starting new HTTPS connection (1): api.telegram.org
2016-06-14 20:04:38,448 Starting new HTTPS connection (1): api.telegram.org
2016-06-14 20:04:59,886 Starting new HTTPS connection (1): api.telegram.org
2016-06-14 20:05:21,315 Starting new HTTPS connection (1): api.telegram.org
2016-06-14 20:05:42,364 Starting new HTTPS connection (1): api.telegram.org
2016-06-14 20:06:03,126 Starting new HTTPS connection (1): api.telegram.org
2016-06-14 20:06:24,586 Starting new HTTPS connection (1): api.telegram.org
2016-06-14 20:06:46,017 Starting new HTTPS connection (1): api.telegram.org
2016-06-14 20:07:06,385 Starting new HTTPS connection (1): api.telegram.org
2016-06-14 20:07:26,663 Starting new HTTPS connection (1): api.telegram.org
2016-06-14 20:07:47,139 Starting new HTTPS connection (1): api.telegram.org
2016-06-14 20:08:07,964 Starting new HTTPS connection (1): api.telegram.org
2016-06-14 20:08:28,192 Starting new HTTPS connection (1): api.telegram.org
2016-06-14 20:08:48,551 Starting new HTTPS connection (1): api.telegram.org
2016-06-14 20:09:19,601 Starting new HTTPS connection (1): api.telegram.org
2016-06-14 20:09:40,363 Starting new HTTPS connection (1): api.telegram.org
2016-06-14 20:10:01,096 Starting new HTTPS connection (1): api.telegram.org
2016-06-14 20:10:21,718 Starting new HTTPS connection (1): api.telegram.org
2016-06-14 20:10:42,190 Starting new HTTPS connection (1): api.telegram.org
2016-06-14 20:11:02,635 Starting new HTTPS connection (1): api.telegram.org
2016-06-14 20:11:23,235 Starting new HTTPS connection (1): api.telegram.org
2016-06-14 20:11:43,555 Starting new HTTPS connection (1): api.telegram.org
2016-06-14 20:12:04,272 Starting new HTTPS connection (1): api.telegram.org
2016-06-14 20:12:25,189 Starting new HTTPS connection (1): api.telegram.org
2016-06-14 20:12:46,117 Starting new HTTPS connection (1): api.telegram.org
2016-06-14 20:13:06,671 Starting new HTTPS connection (1): api.telegram.org
2016-06-14 20:13:28,130 Starting new HTTPS connection (1): api.telegram.org
2016-06-14 20:13:48,444 Starting new HTTPS connection (1): api.telegram.org
2016-06-14 20:14:09,306 Starting new HTTPS connection (1): api.telegram.org
2016-06-14 20:14:30,698 Starting new HTTPS connection (1): api.telegram.org
2016-06-14 20:14:51,282 Starting new HTTPS connection (1): api.telegram.org
2016-06-14 20:15:11,640 Starting new HTTPS connection (1): api.telegram.org
2016-06-14 20:15:32,540 Starting new HTTPS connection (1): api.telegram.org
2016-06-14 20:15:52,888 Starting new HTTPS connection (1): api.telegram.org
2016-06-14 20:16:13,413 Starting new HTTPS connection (1): api.telegram.org
2016-06-14 20:16:34,048 Starting new HTTPS connection (1): api.telegram.org
2016-06-14 20:16:54,788 Starting new HTTPS connection (1): api.telegram.org
2016-06-14 20:17:16,495 Starting new HTTPS connection (1): api.telegram.org
2016-06-14 20:17:37,277 Starting new HTTPS connection (1): api.telegram.org
2016-06-14 20:17:58,045 Starting new HTTPS connection (1): api.telegram.org
2016-06-14 20:18:18,812 Starting new HTTPS connection (1): api.telegram.org
2016-06-14 20:18:40,142 Starting new HTTPS connection (1): api.telegram.org
2016-06-14 20:19:00,879 Starting new HTTPS connection (1): api.telegram.org
2016-06-14 20:19:21,274 Starting new HTTPS connection (1): api.telegram.org
2016-06-14 20:19:42,756 Starting new HTTPS connection (1): api.telegram.org
2016-06-14 20:20:03,597 Starting new HTTPS connection (1): api.telegram.org
2016-06-14 20:20:24,176 Starting new HTTPS connection (1): api.telegram.org
2016-06-14 20:20:44,839 Starting new HTTPS connection (1): api.telegram.org
2016-06-14 20:21:06,618 Starting new HTTPS connection (1): api.telegram.org
2016-06-14 20:21:28,025 Starting new HTTPS connection (1): api.telegram.org
2016-06-14 20:21:49,485 Starting new HTTPS connection (1): api.telegram.org
2016-06-14 20:22:09,741 Starting new HTTPS connection (1): api.telegram.org
2016-06-14 20:22:30,202 Starting new HTTPS connection (1): api.telegram.org
2016-06-14 20:22:50,436 Starting new HTTPS connection (1): api.telegram.org
2016-06-14 20:23:10,664 Starting new HTTPS connection (1): api.telegram.org
2016-06-14 20:23:30,981 Starting new HTTPS connection (1): api.telegram.org
2016-06-14 20:23:51,236 Starting new HTTPS connection (1): api.telegram.org
2016-06-14 20:24:11,512 Starting new HTTPS connection (1): api.telegram.org
2016-06-14 20:24:31,725 Starting new HTTPS connection (1): api.telegram.org
2016-06-14 20:24:51,971 Starting new HTTPS connection (1): api.telegram.org
2016-06-14 20:25:12,216 Starting new HTTPS connection (1): api.telegram.org
2016-06-14 20:25:32,463 Starting new HTTPS connection (1): api.telegram.org
2016-06-14 20:25:52,702 Starting new HTTPS connection (1): api.telegram.org
2016-06-14 20:26:12,931 Starting new HTTPS connection (1): api.telegram.org
2016-06-14 20:26:33,178 Starting new HTTPS connection (1): api.telegram.org
2016-06-14 20:26:53,538 Starting new HTTPS connection (1): api.telegram.org
2016-06-14 20:27:13,865 Starting new HTTPS connection (1): api.telegram.org
2016-06-14 20:27:34,240 Starting new HTTPS connection (1): api.telegram.org
2016-06-14 20:27:55,226 Starting new HTTPS connection (1): api.telegram.org
2016-06-14 20:28:15,498 Starting new HTTPS connection (1): api.telegram.org
2016-06-14 20:28:35,796 Starting new HTTPS connection (1): api.telegram.org
2016-06-14 20:28:56,152 Starting new HTTPS connection (1): api.telegram.org
2016-06-14 20:29:17,255 Starting new HTTPS connection (1): api.telegram.org
2016-06-14 20:29:37,613 Starting new HTTPS connection (1): api.telegram.org
2016-06-14 20:29:58,475 Starting new HTTPS connection (1): api.telegram.org
2016-06-14 20:30:18,716 Starting new HTTPS connection (1): api.telegram.org
2016-06-14 20:30:38,959 Starting new HTTPS connection (1): api.telegram.org
2016-06-14 20:30:59,243 Starting new HTTPS connection (1): api.telegram.org
2016-06-14 20:31:19,522 Starting new HTTPS connection (1): api.telegram.org
2016-06-14 20:31:39,786 Starting new HTTPS connection (1): api.telegram.org
2016-06-14 20:32:00,045 Starting new HTTPS connection (1): api.telegram.org
2016-06-14 20:32:20,329 Starting new HTTPS connection (1): api.telegram.org
2016-06-14 20:32:40,622 Starting new HTTPS connection (1): api.telegram.org
2016-06-14 20:33:01,002 Starting new HTTPS connection (1): api.telegram.org
2016-06-14 20:33:21,383 Starting new HTTPS connection (1): api.telegram.org
2016-06-14 20:33:41,709 Starting new HTTPS connection (1): api.telegram.org
2016-06-14 20:34:02,136 Starting new HTTPS connection (1): api.telegram.org
2016-06-14 20:34:22,473 Starting new HTTPS connection (1): api.telegram.org
2016-06-14 20:34:42,792 Starting new HTTPS connection (1): api.telegram.org
2016-06-14 20:35:03,173 Starting new HTTPS connection (1): api.telegram.org
2016-06-14 20:35:23,548 Starting new HTTPS connection (1): api.telegram.org
2016-06-14 20:35:43,923 Starting new HTTPS connection (1): api.telegram.org
2016-06-14 20:36:04,285 Starting new HTTPS connection (1): api.telegram.org
2016-06-14 20:36:24,571 Starting new HTTPS connection (1): api.telegram.org
2016-06-14 20:36:45,163 Starting new HTTPS connection (1): api.telegram.org
2016-06-14 20:37:05,645 Starting new HTTPS connection (1): api.telegram.org
2016-06-14 20:37:26,015 Starting new HTTPS connection (1): api.telegram.org
2016-06-14 20:37:46,379 Starting new HTTPS connection (1): api.telegram.org
2016-06-14 20:38:06,669 Starting new HTTPS connection (1): api.telegram.org
2016-06-14 20:38:27,058 Starting new HTTPS connection (1): api.telegram.org
2016-06-14 20:38:47,734 Starting new HTTPS connection (1): api.telegram.org
2016-06-14 20:39:08,114 Starting new HTTPS connection (1): api.telegram.org
2016-06-14 20:39:28,510 Starting new HTTPS connection (1): api.telegram.org
2016-06-14 20:39:48,867 Starting new HTTPS connection (1): api.telegram.org
2016-06-14 20:40:09,246 Starting new HTTPS connection (1): api.telegram.org
2016-06-14 20:40:29,577 Starting new HTTPS connection (1): api.telegram.org
2016-06-14 20:40:49,892 Starting new HTTPS connection (1): api.telegram.org
2016-06-14 20:41:10,272 Starting new HTTPS connection (1): api.telegram.org
2016-06-14 20:41:30,656 Starting new HTTPS connection (1): api.telegram.org
2016-06-14 20:41:50,976 Starting new HTTPS connection (1): api.telegram.org
2016-06-14 20:42:11,402 Starting new HTTPS connection (1): api.telegram.org
2016-06-14 20:42:31,703 Starting new HTTPS connection (1): api.telegram.org
2016-06-14 20:42:51,958 Starting new HTTPS connection (1): api.telegram.org
2016-06-14 20:43:12,430 Starting new HTTPS connection (1): api.telegram.org
2016-06-14 20:43:32,739 Starting new HTTPS connection (1): api.telegram.org
2016-06-14 20:43:53,207 Starting new HTTPS connection (1): api.telegram.org
2016-06-14 20:44:13,570 Starting new HTTPS connection (1): api.telegram.org
2016-06-14 20:44:33,946 Starting new HTTPS connection (1): api.telegram.org
2016-06-14 20:44:54,313 Starting new HTTPS connection (1): api.telegram.org
2016-06-14 20:45:14,695 Starting new HTTPS connection (1): api.telegram.org
2016-06-14 20:45:35,090 Starting new HTTPS connection (1): api.telegram.org
2016-06-14 20:45:55,442 Starting new HTTPS connection (1): api.telegram.org
2016-06-14 20:46:15,666 Starting new HTTPS connection (1): api.telegram.org
2016-06-14 20:46:36,210 Starting new HTTPS connection (1): api.telegram.org
2016-06-14 20:46:56,588 Starting new HTTPS connection (1): api.telegram.org
2016-06-14 20:47:16,943 Starting new HTTPS connection (1): api.telegram.org
2016-06-14 20:47:37,218 Starting new HTTPS connection (1): api.telegram.org
2016-06-14 20:47:57,496 Starting new HTTPS connection (1): api.telegram.org
2016-06-14 20:48:17,897 Starting new HTTPS connection (1): api.telegram.org
2016-06-14 20:48:38,271 Starting new HTTPS connection (1): api.telegram.org
2016-06-14 20:48:58,748 Starting new HTTPS connection (1): api.telegram.org
2016-06-14 20:49:19,036 Starting new HTTPS connection (1): api.telegram.org
2016-06-14 20:49:39,488 Starting new HTTPS connection (1): api.telegram.org
2016-06-14 20:49:59,807 Starting new HTTPS connection (1): api.telegram.org
2016-06-14 20:50:20,109 Starting new HTTPS connection (1): api.telegram.org
2016-06-14 20:50:40,485 Starting new HTTPS connection (1): api.telegram.org
2016-06-14 20:51:00,938 Starting new HTTPS connection (1): api.telegram.org
2016-06-14 20:51:21,281 Starting new HTTPS connection (1): api.telegram.org
2016-06-14 20:51:42,711 Starting new HTTPS connection (1): api.telegram.org
2016-06-14 20:52:03,177 Starting new HTTPS connection (1): api.telegram.org
2016-06-14 20:52:23,559 Starting new HTTPS connection (1): api.telegram.org
2016-06-14 20:52:44,032 Starting new HTTPS connection (1): api.telegram.org
2016-06-14 20:53:04,816 Starting new HTTPS connection (1): api.telegram.org
2016-06-14 20:53:25,304 Starting new HTTPS connection (1): api.telegram.org
2016-06-14 20:53:45,793 Starting new HTTPS connection (1): api.telegram.org
2016-06-14 20:54:06,147 Starting new HTTPS connection (1): api.telegram.org
2016-06-14 20:54:26,758 Starting new HTTPS connection (1): api.telegram.org
2016-06-14 20:54:47,078 Starting new HTTPS connection (1): api.telegram.org
2016-06-14 20:55:07,459 Starting new HTTPS connection (1): api.telegram.org
2016-06-14 20:55:28,282 Starting new HTTPS connection (1): api.telegram.org
2016-06-14 20:55:48,630 Starting new HTTPS connection (1): api.telegram.org
2016-06-14 20:56:08,997 Starting new HTTPS connection (1): api.telegram.org
2016-06-14 20:56:29,281 Starting new HTTPS connection (1): api.telegram.org
2016-06-14 20:56:49,578 Starting new HTTPS connection (1): api.telegram.org
2016-06-14 20:57:09,861 Starting new HTTPS connection (1): api.telegram.org
2016-06-14 20:57:30,337 Starting new HTTPS connection (1): api.telegram.org
2016-06-14 20:57:50,862 Starting new HTTPS connection (1): api.telegram.org
2016-06-14 20:58:11,404 Starting new HTTPS connection (1): api.telegram.org
2016-06-14 20:58:31,787 Starting new HTTPS connection (1): api.telegram.org
2016-06-14 20:58:52,267 Starting new HTTPS connection (1): api.telegram.org
2016-06-14 20:59:12,655 Starting new HTTPS connection (1): api.telegram.org
2016-06-14 20:59:33,012 Starting new HTTPS connection (1): api.telegram.org
2016-06-14 20:59:53,396 Starting new HTTPS connection (1): api.telegram.org
2016-06-14 21:00:14,282 Starting new HTTPS connection (1): api.telegram.org
2016-06-14 21:00:34,768 Starting new HTTPS connection (1): api.telegram.org
2016-06-14 21:00:55,140 Starting new HTTPS connection (1): api.telegram.org
2016-06-14 21:01:15,470 Starting new HTTPS connection (1): api.telegram.org
2016-06-14 21:01:36,003 Starting new HTTPS connection (1): api.telegram.org
2016-06-14 21:01:56,384 Starting new HTTPS connection (1): api.telegram.org
2016-06-14 21:02:16,642 Starting new HTTPS connection (1): api.telegram.org
2016-06-14 21:02:36,938 Starting new HTTPS connection (1): api.telegram.org
2016-06-14 21:02:57,237 Starting new HTTPS connection (1): api.telegram.org
2016-06-14 21:03:17,791 Starting new HTTPS connection (1): api.telegram.org
2016-06-14 21:03:38,169 Starting new HTTPS connection (1): api.telegram.org
2016-06-14 21:03:58,478 Starting new HTTPS connection (1): api.telegram.org
2016-06-14 21:04:18,817 Starting new HTTPS connection (1): api.telegram.org
2016-06-14 21:04:39,197 Starting new HTTPS connection (1): api.telegram.org
2016-06-14 21:04:59,573 Starting new HTTPS connection (1): api.telegram.org
2016-06-14 21:05:19,952 Starting new HTTPS connection (1): api.telegram.org
2016-06-14 21:05:40,430 Starting new HTTPS connection (1): api.telegram.org
2016-06-14 21:06:00,805 Starting new HTTPS connection (1): api.telegram.org
2016-06-14 21:06:21,109 Starting new HTTPS connection (1): api.telegram.org
2016-06-14 21:06:41,463 Starting new HTTPS connection (1): api.telegram.org
2016-06-14 21:07:01,840 Starting new HTTPS connection (1): api.telegram.org
2016-06-14 21:07:22,199 Starting new HTTPS connection (1): api.telegram.org
2016-06-14 21:07:42,463 Starting new HTTPS connection (1): api.telegram.org
2016-06-14 21:08:02,766 Starting new HTTPS connection (1): api.telegram.org
2016-06-14 21:08:23,343 Starting new HTTPS connection (1): api.telegram.org
2016-06-14 21:08:43,710 Starting new HTTPS connection (1): api.telegram.org
2016-06-14 21:09:04,080 Starting new HTTPS connection (1): api.telegram.org
2016-06-14 21:09:24,472 Starting new HTTPS connection (1): api.telegram.org
2016-06-14 21:09:44,751 Starting new HTTPS connection (1): api.telegram.org
2016-06-14 21:10:05,134 Starting new HTTPS connection (1): api.telegram.org
2016-06-14 21:10:25,611 Starting new HTTPS connection (1): api.telegram.org
2016-06-14 21:10:45,994 Starting new HTTPS connection (1): api.telegram.org
2016-06-14 21:11:06,373 Starting new HTTPS connection (1): api.telegram.org
2016-06-14 21:11:26,746 Starting new HTTPS connection (1): api.telegram.org
2016-06-14 21:11:47,090 Starting new HTTPS connection (1): api.telegram.org
2016-06-14 21:12:07,500 Starting new HTTPS connection (1): api.telegram.org
2016-06-14 21:12:27,796 Starting new HTTPS connection (1): api.telegram.org
2016-06-14 21:12:48,157 Starting new HTTPS connection (1): api.telegram.org
2016-06-14 21:13:08,637 Starting new HTTPS connection (1): api.telegram.org
2016-06-14 21:13:28,940 Starting new HTTPS connection (1): api.telegram.org
2016-06-14 21:13:49,389 Starting new HTTPS connection (1): api.telegram.org
2016-06-14 21:14:09,869 Starting new HTTPS connection (1): api.telegram.org
2016-06-14 21:14:30,344 Starting new HTTPS connection (1): api.telegram.org
2016-06-14 21:14:50,665 Starting new HTTPS connection (1): api.telegram.org
2016-06-14 21:15:11,109 Starting new HTTPS connection (1): api.telegram.org
2016-06-14 21:15:31,479 Starting new HTTPS connection (1): api.telegram.org
2016-06-14 21:15:51,862 Starting new HTTPS connection (1): api.telegram.org
2016-06-14 21:16:12,241 Starting new HTTPS connection (1): api.telegram.org
2016-06-14 21:16:32,612 Starting new HTTPS connection (1): api.telegram.org
2016-06-14 21:16:52,993 Starting new HTTPS connection (1): api.telegram.org
2016-06-14 21:17:13,373 Starting new HTTPS connection (1): api.telegram.org
2016-06-14 21:17:33,668 Starting new HTTPS connection (1): api.telegram.org
2016-06-14 21:17:54,049 Starting new HTTPS connection (1): api.telegram.org
2016-06-14 21:18:14,504 Starting new HTTPS connection (1): api.telegram.org
2016-06-14 21:18:34,971 Starting new HTTPS connection (1): api.telegram.org
2016-06-14 21:18:56,063 Starting new HTTPS connection (1): api.telegram.org
2016-06-14 21:19:16,468 Starting new HTTPS connection (1): api.telegram.org
2016-06-14 21:19:36,837 Starting new HTTPS connection (1): api.telegram.org
2016-06-14 21:19:57,220 Starting new HTTPS connection (1): api.telegram.org
2016-06-14 21:20:17,686 Starting new HTTPS connection (1): api.telegram.org
2016-06-14 21:20:38,055 Starting new HTTPS connection (1): api.telegram.org
2016-06-14 21:20:58,433 Starting new HTTPS connection (1): api.telegram.org
2016-06-14 21:21:18,654 Starting new HTTPS connection (1): api.telegram.org
2016-06-14 21:21:39,056 Starting new HTTPS connection (1): api.telegram.org
2016-06-14 21:21:59,395 Starting new HTTPS connection (1): api.telegram.org
2016-06-14 21:22:19,762 Starting new HTTPS connection (1): api.telegram.org
2016-06-14 21:22:40,131 Starting new HTTPS connection (1): api.telegram.org
2016-06-14 21:23:00,512 Starting new HTTPS connection (1): api.telegram.org
2016-06-14 21:23:20,886 Starting new HTTPS connection (1): api.telegram.org
2016-06-14 21:23:41,221 Starting new HTTPS connection (1): api.telegram.org
2016-06-14 21:24:01,544 Starting new HTTPS connection (1): api.telegram.org
2016-06-14 21:24:21,909 Starting new HTTPS connection (1): api.telegram.org
2016-06-14 21:24:42,262 Starting new HTTPS connection (1): api.telegram.org
2016-06-14 21:25:02,724 Starting new HTTPS connection (1): api.telegram.org
2016-06-14 21:25:22,994 Starting new HTTPS connection (1): api.telegram.org
2016-06-14 21:25:43,441 Starting new HTTPS connection (1): api.telegram.org
2016-06-14 21:26:03,797 Starting new HTTPS connection (1): api.telegram.org
2016-06-14 21:26:24,179 Starting new HTTPS connection (1): api.telegram.org
2016-06-14 21:26:44,686 Starting new HTTPS connection (1): api.telegram.org
2016-06-14 21:27:05,228 Starting new HTTPS connection (1): api.telegram.org
2016-06-14 21:27:25,745 Starting new HTTPS connection (1): api.telegram.org
2016-06-14 21:27:45,974 Starting new HTTPS connection (1): api.telegram.org
2016-06-14 21:28:06,250 Starting new HTTPS connection (1): api.telegram.org
2016-06-14 21:28:26,479 Starting new HTTPS connection (1): api.telegram.org
2016-06-14 21:28:46,831 Starting new HTTPS connection (1): api.telegram.org
2016-06-14 21:29:07,190 Starting new HTTPS connection (1): api.telegram.org
2016-06-14 21:29:27,645 Starting new HTTPS connection (1): api.telegram.org
2016-06-14 21:29:48,034 Starting new HTTPS connection (1): api.telegram.org
2016-06-14 21:30:08,414 Starting new HTTPS connection (1): api.telegram.org
2016-06-14 21:30:28,898 Starting new HTTPS connection (1): api.telegram.org
2016-06-14 21:30:49,281 Starting new HTTPS connection (1): api.telegram.org
2016-06-14 21:31:09,671 Starting new HTTPS connection (1): api.telegram.org
2016-06-14 21:31:30,103 Starting new HTTPS connection (1): api.telegram.org
2016-06-14 21:31:50,595 Starting new HTTPS connection (1): api.telegram.org
2016-06-14 21:32:10,903 Starting new HTTPS connection (1): api.telegram.org
2016-06-14 21:32:31,177 Starting new HTTPS connection (1): api.telegram.org
2016-06-14 21:32:51,556 Starting new HTTPS connection (1): api.telegram.org
2016-06-14 21:33:12,026 Starting new HTTPS connection (1): api.telegram.org
2016-06-14 21:33:32,409 Starting new HTTPS connection (1): api.telegram.org
2016-06-14 21:33:52,677 Starting new HTTPS connection (1): api.telegram.org
2016-06-14 21:34:13,171 Starting new HTTPS connection (1): api.telegram.org
2016-06-14 21:34:33,462 Starting new HTTPS connection (1): api.telegram.org
2016-06-14 21:34:53,812 Starting new HTTPS connection (1): api.telegram.org
2016-06-14 21:35:14,077 Starting new HTTPS connection (1): api.telegram.org
2016-06-14 21:35:34,364 Starting new HTTPS connection (1): api.telegram.org
2016-06-14 21:35:54,745 Starting new HTTPS connection (1): api.telegram.org
2016-06-14 21:36:15,017 Starting new HTTPS connection (1): api.telegram.org
2016-06-14 21:36:35,398 Starting new HTTPS connection (1): api.telegram.org
2016-06-14 21:36:55,774 Starting new HTTPS connection (1): api.telegram.org
2016-06-14 21:37:16,153 Starting new HTTPS connection (1): api.telegram.org
2016-06-14 21:37:36,531 Starting new HTTPS connection (1): api.telegram.org
2016-06-14 21:37:57,419 Starting new HTTPS connection (1): api.telegram.org
2016-06-14 21:38:17,690 Starting new HTTPS connection (1): api.telegram.org
2016-06-14 21:38:38,073 Starting new HTTPS connection (1): api.telegram.org
2016-06-14 21:38:58,659 Starting new HTTPS connection (1): api.telegram.org
2016-06-14 21:39:19,023 Starting new HTTPS connection (1): api.telegram.org
2016-06-14 21:39:39,244 Starting new HTTPS connection (1): api.telegram.org
2016-06-14 21:39:59,582 Starting new HTTPS connection (1): api.telegram.org
2016-06-15 00:31:58,553 Starting new HTTPS connection (1): api.telegram.org
2016-06-15 00:32:19,930 Starting new HTTPS connection (1): api.telegram.org
2016-06-15 00:32:40,425 Starting new HTTPS connection (1): api.telegram.org
2016-06-15 00:33:00,921 Starting new HTTPS connection (1): api.telegram.org
2016-06-15 00:33:16,334 Starting new HTTPS connection (1): api.telegram.org
2016-06-15 00:34:09,053 Starting new HTTPS connection (1): api.telegram.org
2016-06-15 00:34:19,893 Starting new HTTPS connection (1): api.telegram.org
2016-06-15 00:35:09,448 Starting new HTTPS connection (1): api.telegram.org
2016-06-15 00:35:26,319 Starting new HTTPS connection (1): api.telegram.org
2016-06-15 00:35:28,433 Starting new HTTPS connection (1): api.telegram.org
2016-06-15 00:35:31,642 A request to the Telegram API was unsuccessful. The server returned HTTP 400 Bad Request. Response body:
[b'{"ok":false,"error_code":400,"description":"Bad Request: Message text is empty"}']
2016-06-15 00:35:47,727 Starting new HTTPS connection (1): api.telegram.org
2016-06-15 00:36:08,397 Starting new HTTPS connection (1): api.telegram.org
2016-06-15 00:36:28,797 Starting new HTTPS connection (1): api.telegram.org
2016-06-15 00:36:50,175 Starting new HTTPS connection (1): api.telegram.org
2016-06-15 00:37:11,564 Starting new HTTPS connection (1): api.telegram.org
2016-06-15 00:37:32,953 Starting new HTTPS connection (1): api.telegram.org
2016-06-15 00:37:53,532 Starting new HTTPS connection (1): api.telegram.org
2016-06-15 00:38:08,098 Starting new HTTPS connection (1): api.telegram.org
2016-06-15 00:38:19,799 Starting new HTTPS connection (1): api.telegram.org
2016-06-15 00:38:30,801 Starting new HTTPS connection (1): api.telegram.org
2016-06-15 00:38:33,223 Starting new HTTPS connection (1): api.telegram.org
2016-06-15 00:38:44,157 Starting new HTTPS connection (1): api.telegram.org
2016-06-15 00:38:45,090 Starting new HTTPS connection (1): api.telegram.org
2016-06-15 00:38:47,202 Starting new HTTPS connection (1): api.telegram.org
2016-06-15 00:38:48,117 A request to the Telegram API was unsuccessful. The server returned HTTP 400 Bad Request. Response body:
[b'{"ok":false,"error_code":400,"description":"Bad Request: Message text is empty"}']
2016-06-15 00:38:49,233 Starting new HTTPS connection (1): api.telegram.org
2016-06-15 00:38:51,348 Starting new HTTPS connection (1): api.telegram.org
2016-06-15 00:38:52,394 A request to the Telegram API was unsuccessful. The server returned HTTP 400 Bad Request. Response body:
[b'{"ok":false,"error_code":400,"description":"Bad Request: Message text is empty"}']
2016-06-15 00:39:04,671 Starting new HTTPS connection (1): api.telegram.org
2016-06-15 00:39:12,583 Starting new HTTPS connection (1): api.telegram.org
2016-06-15 00:39:14,696 Starting new HTTPS connection (1): api.telegram.org
2016-06-15 00:39:16,120 A request to the Telegram API was unsuccessful. The server returned HTTP 400 Bad Request. Response body:
[b'{"ok":false,"error_code":400,"description":"Bad Request: Message text is empty"}']
2016-06-15 00:39:33,639 Starting new HTTPS connection (1): api.telegram.org
2016-06-15 00:40:55,005 Starting new HTTPS connection (1): api.telegram.org
2016-06-15 00:41:12,876 Starting new HTTPS connection (1): api.telegram.org
2016-06-15 00:41:14,885 Starting new HTTPS connection (1): api.telegram.org
2016-06-15 00:41:17,904 A request to the Telegram API was unsuccessful. The server returned HTTP 400 Bad Request. Response body:
[b'{"ok":false,"error_code":400,"description":"Bad Request: Message text is empty"}']
2016-06-15 00:41:34,026 Starting new HTTPS connection (1): api.telegram.org
2016-06-15 00:41:54,568 Starting new HTTPS connection (1): api.telegram.org
2016-06-15 00:42:15,233 Starting new HTTPS connection (1): api.telegram.org
2016-06-15 00:42:35,781 Starting new HTTPS connection (1): api.telegram.org
2016-06-15 00:42:56,066 Starting new HTTPS connection (1): api.telegram.org
2016-06-15 00:44:04,034 Starting new HTTPS connection (1): api.telegram.org
2016-06-15 00:44:12,610 Starting new HTTPS connection (1): api.telegram.org
2016-06-15 00:44:44,084 Starting new HTTPS connection (1): api.telegram.org
2016-06-15 00:44:53,279 Starting new HTTPS connection (1): api.telegram.org
2016-06-15 00:45:37,789 Starting new HTTPS connection (1): api.telegram.org
2016-06-15 00:45:44,072 Starting new HTTPS connection (1): api.telegram.org
2016-06-15 00:47:54,328 Starting new HTTPS connection (1): api.telegram.org
2016-06-15 00:48:00,996 Starting new HTTPS connection (1): api.telegram.org
2016-06-15 00:49:07,177 Starting new HTTPS connection (1): api.telegram.org
2016-06-15 00:49:21,979 Starting new HTTPS connection (1): api.telegram.org
2016-06-15 00:49:24,634 Starting new HTTPS connection (1): api.telegram.org
2016-06-15 00:49:42,520 Starting new HTTPS connection (1): api.telegram.org
2016-06-15 00:50:03,271 Starting new HTTPS connection (1): api.telegram.org
2016-06-15 00:50:23,813 Starting new HTTPS connection (1): api.telegram.org
2016-06-15 00:50:45,202 Starting new HTTPS connection (1): api.telegram.org
2016-06-15 00:51:06,631 Starting new HTTPS connection (1): api.telegram.org
2016-06-15 00:51:10,970 Starting new HTTPS connection (1): api.telegram.org
2016-06-15 00:51:19,989 Starting new HTTPS connection (1): api.telegram.org
2016-06-15 00:51:22,642 Starting new HTTPS connection (1): api.telegram.org
2016-06-15 00:51:40,720 Starting new HTTPS connection (1): api.telegram.org
2016-06-15 00:51:57,261 Starting new HTTPS connection (1): api.telegram.org
2016-06-15 00:51:59,914 Starting new HTTPS connection (1): api.telegram.org
2016-06-15 00:52:17,989 Starting new HTTPS connection (1): api.telegram.org
2016-06-15 00:52:38,440 Starting new HTTPS connection (1): api.telegram.org
2016-06-15 00:52:59,795 Starting new HTTPS connection (1): api.telegram.org
2016-06-15 00:53:20,951 Starting new HTTPS connection (1): api.telegram.org
2016-06-15 00:53:41,916 Starting new HTTPS connection (1): api.telegram.org
2016-06-15 00:53:49,331 Starting new HTTPS connection (1): api.telegram.org
2016-06-15 00:53:57,095 Starting new HTTPS connection (1): api.telegram.org
2016-06-15 00:53:59,746 Starting new HTTPS connection (1): api.telegram.org
2016-06-15 00:54:01,385 A request to the Telegram API was unsuccessful. The server returned HTTP 400 Bad Request. Response body:
[b'{"ok":false,"error_code":400,"description":"Bad Request: Message text is empty"}']
2016-06-15 00:54:17,811 Starting new HTTPS connection (1): api.telegram.org
2016-06-15 00:54:37,115 Starting new HTTPS connection (1): api.telegram.org
2016-06-15 00:54:44,386 Starting new HTTPS connection (1): api.telegram.org
2016-06-15 00:54:47,039 Starting new HTTPS connection (1): api.telegram.org
2016-06-15 00:55:05,781 Starting new HTTPS connection (1): api.telegram.org
2016-06-15 00:55:26,430 Starting new HTTPS connection (1): api.telegram.org
2016-06-15 00:55:47,394 Starting new HTTPS connection (1): api.telegram.org
2016-06-15 00:56:08,159 Starting new HTTPS connection (1): api.telegram.org
2016-06-15 00:56:29,528 Starting new HTTPS connection (1): api.telegram.org
2016-06-15 00:56:49,015 Starting new HTTPS connection (1): api.telegram.org
2016-06-15 00:56:56,262 Starting new HTTPS connection (1): api.telegram.org
2016-06-15 00:56:58,916 Starting new HTTPS connection (1): api.telegram.org
2016-06-15 00:57:19,617 Starting new HTTPS connection (1): api.telegram.org
2016-06-15 00:57:39,877 Starting new HTTPS connection (1): api.telegram.org
2016-06-15 00:58:00,613 Starting new HTTPS connection (1): api.telegram.org
2016-06-15 00:58:22,855 Starting new HTTPS connection (1): api.telegram.org
2016-06-15 00:58:43,442 Starting new HTTPS connection (1): api.telegram.org
2016-06-15 00:59:04,250 Starting new HTTPS connection (1): api.telegram.org
2016-06-15 00:59:24,730 Starting new HTTPS connection (1): api.telegram.org
2016-06-15 00:59:46,139 Starting new HTTPS connection (1): api.telegram.org
2016-06-15 01:00:07,962 Starting new HTTPS connection (1): api.telegram.org
2016-06-15 01:00:16,304 Starting new HTTPS connection (1): api.telegram.org
2016-06-15 01:00:22,321 Starting new HTTPS connection (1): api.telegram.org
2016-06-15 01:00:38,287 Starting new HTTPS connection (1): api.telegram.org
2016-06-15 01:00:45,391 Starting new HTTPS connection (1): api.telegram.org
2016-06-15 01:00:51,407 Starting new HTTPS connection (1): api.telegram.org
2016-06-15 01:01:06,813 Starting new HTTPS connection (1): api.telegram.org
2016-06-15 01:01:20,023 Starting new HTTPS connection (1): api.telegram.org
2016-06-15 01:01:33,372 Starting new HTTPS connection (1): api.telegram.org
2016-06-15 01:01:38,027 Starting new HTTPS connection (1): api.telegram.org
2016-06-15 01:01:52,708 Starting new HTTPS connection (1): api.telegram.org
2016-06-15 01:01:58,687 Starting new HTTPS connection (1): api.telegram.org
2016-06-15 01:02:01,339 Starting new HTTPS connection (1): api.telegram.org
2016-06-15 01:02:19,446 Starting new HTTPS connection (1): api.telegram.org
2016-06-15 01:02:41,166 Starting new HTTPS connection (1): api.telegram.org
2016-06-15 01:02:53,682 Starting new HTTPS connection (1): api.telegram.org
2016-06-15 01:02:56,338 Starting new HTTPS connection (1): api.telegram.org
2016-06-15 01:03:09,176 Starting new HTTPS connection (1): api.telegram.org
2016-06-15 01:03:21,649 Starting new HTTPS connection (1): api.telegram.org
2016-06-15 01:03:26,310 Starting new HTTPS connection (1): api.telegram.org
2016-06-15 01:03:42,128 Starting new HTTPS connection (1): api.telegram.org
